<?xml version="1.0" encoding="UTF-8"?>
<!-- Generated by org.testng.reporters.JUnitXMLReporter -->
<testsuite hostname="DESKTOP-UU5QV0O" ignored="0" name="Default test" tests="5" failures="0" timestamp="15 May 2019 16:38:58 GMT" time="1.833" errors="0">
  <testcase name="printBlueTesla" time="1.307" classname="com.cars.com.carsRest.GetCarDetails"/>
  <testcase name="priceOnly" time="0.049" classname="com.cars.com.carsRest.GetCarDetails"/>
  <testcase name="priceAfterDiscount" time="0.097" classname="com.cars.com.carsRest.GetCarDetails"/>
  <testcase name="highestRevenueCar" time="0.105" classname="com.cars.com.carsRest.GetCarDetails"/>
  <testcase name="highestProfitCar" time="0.223" classname="com.cars.com.carsRest.GetCarDetails"/>
</testsuite> <!-- Default test -->
